<?xml version="1.0" encoding="UTF-8"?>
<!-- Generated by org.testng.reporters.JUnitReportReporter -->
<testsuite name="regTest" tests="1" time="5.294" ignored="0" failures="0" timestamp="28 May 2023 23:12:22 GMT" skipped="0" hostname="LAPTOP-3SL9BMVU" errors="0">
  <testcase name="browserOpen" time="5.294" classname="regTest"/>
</testsuite> <!-- regTest -->
